<?xml version="1.0" encoding="UTF-8"?>
<!-- Generated by org.testng.reporters.JUnitXMLReporter -->
<testsuite hostname="didnkiwina6" name="order" tests="8" failures="6" timestamp="21 Mar 2014 04:58:37 GMT" time="44.192" errors="0">
  <testcase name="login" time="6.678" classname="com.kirwa.webdriver.test.TST_Comman"/>
  <testcase name="Verify_AtGlance_UI" time="23.203" classname="com.kirwa.webdriver.test.TST_AtaGlance">
    <failure type="java.lang.AssertionError" message="expected [true] but found [false]">
        <![CDATA[java.lang.AssertionError: expected [true] but found [false]
	at com.kirwa.webdriver.test.TST_AtaGlance.Verify_AtGlance_UI(TST_AtaGlance.java:25)
... Removed 28 stack frames]]>
    </failure>
  </testcase> <!-- Verify_AtGlance_UI -->
  <testcase name="verify_AtGlance_Alerts" time="2.833" classname="com.kirwa.webdriver.test.TST_AtaGlance">
    <failure type="java.lang.AssertionError" message="expected [true] but found [false]">
        <![CDATA[java.lang.AssertionError: expected [true] but found [false]
	at com.kirwa.webdriver.test.TST_AtaGlance.verify_AtGlance_Alerts(TST_AtaGlance.java:37)
... Removed 28 stack frames]]>
    </failure>
  </testcase> <!-- verify_AtGlance_Alerts -->
  <testcase name="verify_AtGlance_BusinessDetails" time="2.702" classname="com.kirwa.webdriver.test.TST_AtaGlance">
    <failure type="java.lang.AssertionError" message="expected [true] but found [false]">
        <![CDATA[java.lang.AssertionError: expected [true] but found [false]
	at com.kirwa.webdriver.test.TST_AtaGlance.verify_AtGlance_BusinessDetails(TST_AtaGlance.java:31)
... Removed 28 stack frames]]>
    </failure>
  </testcase> <!-- verify_AtGlance_BusinessDetails -->
  <testcase name="verify_AtGlance_Calendar" time="0.882" classname="com.kirwa.webdriver.test.TST_AtaGlance">
    <failure type="java.lang.AssertionError" message="expected [true] but found [false]">
        <![CDATA[java.lang.AssertionError: expected [true] but found [false]
	at com.kirwa.webdriver.test.TST_AtaGlance.verify_AtGlance_Calendar(TST_AtaGlance.java:43)
... Removed 28 stack frames]]>
    </failure>
  </testcase> <!-- verify_AtGlance_Calendar -->
  <testcase name="verify_AtGlance_DatePopup" time="2.586" classname="com.kirwa.webdriver.test.TST_AtaGlance"/>
  <testcase name="verify_AtGlance_Reports" time="2.493" classname="com.kirwa.webdriver.test.TST_AtaGlance">
    <failure type="java.lang.AssertionError" message="expected [true] but found [false]">
        <![CDATA[java.lang.AssertionError: expected [true] but found [false]
	at com.kirwa.webdriver.test.TST_AtaGlance.verify_AtGlance_Reports(TST_AtaGlance.java:55)
... Removed 28 stack frames]]>
    </failure>
  </testcase> <!-- verify_AtGlance_Reports -->
  <testcase name="verify_AtGlance_SpecialEvents" time="2.774" classname="com.kirwa.webdriver.test.TST_AtaGlance">
    <failure type="java.lang.AssertionError" message="expected [true] but found [false]">
        <![CDATA[java.lang.AssertionError: expected [true] but found [false]
	at com.kirwa.webdriver.test.TST_AtaGlance.verify_AtGlance_SpecialEvents(TST_AtaGlance.java:61)
... Removed 28 stack frames]]>
    </failure>
  </testcase> <!-- verify_AtGlance_SpecialEvents -->
</testsuite> <!-- order -->
