<?xml version="1.0" encoding="UTF-8"?>
<!-- Generated by org.testng.reporters.JUnitXMLReporter -->
<testsuite hostname="didnkiwina6" name="UI Tests" tests="7" failures="1" timestamp="5 Aug 2014 04:33:08 GMT" time="16.699" errors="0">
  <testcase name="login" time="4.097" classname="com.kirwa.webdriver.test.TST_Comman"/>
  <testcase name="Verify_AtGlance_Header" time="0.924" classname="com.kirwa.webdriver.test.TST_AtaGlance">
    <failure type="java.lang.AssertionError" message="expected [true] but found [false]">
        <![CDATA[java.lang.AssertionError: expected [true] but found [false]
	at com.kirwa.webdriver.test.TST_AtaGlance.Verify_AtGlance_Header(TST_AtaGlance.java:33)
... Removed 28 stack frames]]>
    </failure>
  </testcase> <!-- Verify_AtGlance_Header -->
  <testcase name="verify_AtGlance_Alerts" time="2.683" classname="com.kirwa.webdriver.test.TST_AtaGlance"/>
  <testcase name="verify_AtGlance_BusinessDetails" time="2.754" classname="com.kirwa.webdriver.test.TST_AtaGlance"/>
  <testcase name="verify_AtGlance_Calendar" time="0.877" classname="com.kirwa.webdriver.test.TST_AtaGlance"/>
  <testcase name="verify_AtGlance_DatePopup" time="2.634" classname="com.kirwa.webdriver.test.TST_AtaGlance"/>
  <testcase name="verify_AtGlance_SpecialEvents" time="2.695" classname="com.kirwa.webdriver.test.TST_AtaGlance"/>
</testsuite> <!-- UI Tests -->
